<?xml version="1.0" encoding="UTF-8"?>
<testsuite name="TestSuite" time="67.373" tests="6" errors="0" skipped="0" failures="2">
  <properties>
[...]
</properties>
  <testcase name="loginTest" classname="com.nopcommerce.tests.LoginTests" time="28.133"/>
  <testcase name="loginTest_DataDriven" classname="com.nopcommerce.tests.LoginTests" time="11.929"/>
  <testcase name="loginTest_DataDriven" classname="com.nopcommerce.tests.LoginTests" time="4.212">
    <failure message="expected [true] but found [false]" type="java.lang.AssertionError">java.lang.AssertionError: expected [true] but found [false]
	at org.testng.Assert.fail(Assert.java:99)
	at org.testng.Assert.failNotEquals(Assert.java:1037)
	at org.testng.Assert.assertTrue(Assert.java:45)
	at org.testng.Assert.assertTrue(Assert.java:55)
	at com.nopcommerce.tests.LoginTests.loginTest_DataDriven(LoginTests.java:69)
</failure>
    <system-out><![CDATA[ INFO [main] (BaseClass.java:38)- Launching Chrome Browser
 INFO [main] (BaseClass.java:52)- Opening the URL 
 INFO [main] (LoginTests.java:55)- Logging into the application
 INFO [main] (LoginTests.java:57)- validating pagetitle after login
 INFO [main] (LoginTests.java:65)- Title does not match
 INFO [main] (LoginTests.java:66)- Taking screenshot
captured screenshot 
 INFO [main] (LoginTests.java:68)- login Test failed
]]></system-out>
    <system-err><![CDATA[Starting ChromeDriver 93.0.4577.63 (ff5c0da2ec0adeaed5550e6c7e98417dac77d98a-refs/branch-heads/4577@{#1135}) on port 17676
Only local connections are allowed.
Please see https://chromedriver.chromium.org/security-considerations for suggestions on keeping ChromeDriver safe.
ChromeDriver was started successfully.
[1634219897.950][WARNING]: This version of ChromeDriver has not been tested with Chrome version 94.
Oct 14, 2021 7:28:17 PM org.openqa.selenium.remote.ProtocolHandshake createSession
INFO: Detected dialect: W3C
]]></system-err>
  </testcase>
  <testcase name="loginTest_DataDriven" classname="com.nopcommerce.tests.LoginTests" time="2.581">
    <failure message="expected [true] but found [false]" type="java.lang.AssertionError">java.lang.AssertionError: expected [true] but found [false]
	at org.testng.Assert.fail(Assert.java:99)
	at org.testng.Assert.failNotEquals(Assert.java:1037)
	at org.testng.Assert.assertTrue(Assert.java:45)
	at org.testng.Assert.assertTrue(Assert.java:55)
	at com.nopcommerce.tests.LoginTests.loginTest_DataDriven(LoginTests.java:69)
</failure>
    <system-out><![CDATA[ INFO [main] (BaseClass.java:38)- Launching Chrome Browser
 INFO [main] (BaseClass.java:52)- Opening the URL 
 INFO [main] (LoginTests.java:55)- Logging into the application
 INFO [main] (LoginTests.java:57)- validating pagetitle after login
 INFO [main] (LoginTests.java:65)- Title does not match
 INFO [main] (LoginTests.java:66)- Taking screenshot
captured screenshot 
 INFO [main] (LoginTests.java:68)- login Test failed
]]></system-out>
    <system-err><![CDATA[Starting ChromeDriver 93.0.4577.63 (ff5c0da2ec0adeaed5550e6c7e98417dac77d98a-refs/branch-heads/4577@{#1135}) on port 18743
Only local connections are allowed.
Please see https://chromedriver.chromium.org/security-considerations for suggestions on keeping ChromeDriver safe.
ChromeDriver was started successfully.
[1634219915.409][WARNING]: This version of ChromeDriver has not been tested with Chrome version 94.
Oct 14, 2021 7:28:35 PM org.openqa.selenium.remote.ProtocolHandshake createSession
INFO: Detected dialect: W3C
]]></system-err>
  </testcase>
  <testcase name="titleTest" classname="com.nopcommerce.tests.LoginTests" time="0.016"/>
  <testcase name="newCustomerTest" classname="com.nopcommerce.tests.AddNewCustomerTest" time="27.295"/>
</testsuite>